# JRE version: Java(TM) SE Runtime Environment (8.0_111-b14) (build 1.8.0_111-b14)
# Java VM: Java HotSpot(TM) 64-Bit Server VM (25.111-b14 mixed mode windows-amd64 compressed oops)
Heap:
 PSYoungGen      total 30208K, used 18996K [0x00000000eab00000, 0x00000000ecf00000, 0x0000000100000000)
  eden space 27648K, 59% used [0x00000000eab00000,0x00000000ebb0de50,0x00000000ec600000)
  from space 2560K, 99% used [0x00000000eca00000,0x00000000ecc7f240,0x00000000ecc80000)
  to   space 4096K, 0% used [0x00000000ec600000,0x00000000ec600000,0x00000000eca00000)
 ParOldGen       total 68608K, used 39873K [0x00000000c0000000, 0x00000000c4300000, 0x00000000eab00000)
  object space 68608K, 58% used [0x00000000c0000000,0x00000000c26f0760,0x00000000c4300000)
 Metaspace       used 53134K, capacity 56254K, committed 56536K, reserved 1099776K
  class space    used 5305K, capacity 6309K, committed 6400K, reserved 1048576K
GC Heap History (10 events):
Event: 6099.682 GC heap before
{Heap before GC invocations=24 (full 2):
 PSYoungGen      total 30720K, used 30697K [0x00000000eab00000, 0x00000000ecf80000, 0x0000000100000000)
  eden space 28160K, 100% used [0x00000000eab00000,0x00000000ec680000,0x00000000ec680000)
  from space 2560K, 99% used [0x00000000ec700000,0x00000000ec97a460,0x00000000ec980000)
  to   space 4608K, 0% used [0x00000000ecb00000,0x00000000ecb00000,0x00000000ecf80000)
 ParOldGen       total 68608K, used 36204K [0x00000000c0000000, 0x00000000c4300000, 0x00000000eab00000)
  object space 68608K, 52% used [0x00000000c0000000,0x00000000c235b0e8,0x00000000c4300000)
 Metaspace       used 52224K, capacity 55384K, committed 55640K, reserved 1099776K
  class space    used 5243K, capacity 6237K, committed 6272K, reserved 1048576K
Event: 6099.700 GC heap after
Heap after GC invocations=24 (full 2):
 PSYoungGen      total 30720K, used 160K [0x00000000eab00000, 0x00000000ecc00000, 0x0000000100000000)
  eden space 29696K, 0% used [0x00000000eab00000,0x00000000eab00000,0x00000000ec800000)
  from space 1024K, 15% used [0x00000000ecb00000,0x00000000ecb28000,0x00000000ecc00000)
  to   space 2048K, 0% used [0x00000000ec800000,0x00000000ec800000,0x00000000eca00000)
 ParOldGen       total 68608K, used 38684K [0x00000000c0000000, 0x00000000c4300000, 0x00000000eab00000)
  object space 68608K, 56% used [0x00000000c0000000,0x00000000c25c7258,0x00000000c4300000)
 Metaspace       used 52224K, capacity 55384K, committed 55640K, reserved 1099776K
  class space    used 5243K, capacity 6237K, committed 6272K, reserved 1048576K
}
Event: 6099.977 GC heap before
{Heap before GC invocations=25 (full 2):
 PSYoungGen      total 30720K, used 29856K [0x00000000eab00000, 0x00000000ecc00000, 0x0000000100000000)
  eden space 29696K, 100% used [0x00000000eab00000,0x00000000ec800000,0x00000000ec800000)
  from space 1024K, 15% used [0x00000000ecb00000,0x00000000ecb28000,0x00000000ecc00000)
  to   space 2048K, 0% used [0x00000000ec800000,0x00000000ec800000,0x00000000eca00000)
 ParOldGen       total 68608K, used 38684K [0x00000000c0000000, 0x00000000c4300000, 0x00000000eab00000)
  object space 68608K, 56% used [0x00000000c0000000,0x00000000c25c7258,0x00000000c4300000)
 Metaspace       used 52294K, capacity 55448K, committed 55640K, reserved 1099776K
  class space    used 5245K, capacity 6237K, committed 6272K, reserved 1048576K
Event: 6099.984 GC heap after
Heap after GC invocations=25 (full 2):
 PSYoungGen      total 31232K, used 1757K [0x00000000eab00000, 0x00000000ecc80000, 0x0000000100000000)
  eden space 29184K, 0% used [0x00000000eab00000,0x00000000eab00000,0x00000000ec780000)
  from space 2048K, 85% used [0x00000000ec800000,0x00000000ec9b74c0,0x00000000eca00000)
  to   space 2560K, 0% used [0x00000000eca00000,0x00000000eca00000,0x00000000ecc80000)
 ParOldGen       total 68608K, used 38724K [0x00000000c0000000, 0x00000000c4300000, 0x00000000eab00000)
  object space 68608K, 56% used [0x00000000c0000000,0x00000000c25d1258,0x00000000c4300000)
 Metaspace       used 52294K, capacity 55448K, committed 55640K, reserved 1099776K
  class space    used 5245K, capacity 6237K, committed 6272K, reserved 1048576K
}
Event: 6100.624 GC heap before
{Heap before GC invocations=26 (full 2):
 PSYoungGen      total 31232K, used 30941K [0x00000000eab00000, 0x00000000ecc80000, 0x0000000100000000)
  eden space 29184K, 100% used [0x00000000eab00000,0x00000000ec780000,0x00000000ec780000)
  from space 2048K, 85% used [0x00000000ec800000,0x00000000ec9b74c0,0x00000000eca00000)
  to   space 2560K, 0% used [0x00000000eca00000,0x00000000eca00000,0x00000000ecc80000)
 ParOldGen       total 68608K, used 38724K [0x00000000c0000000, 0x00000000c4300000, 0x00000000eab00000)
  object space 68608K, 56% used [0x00000000c0000000,0x00000000c25d1258,0x00000000c4300000)
 Metaspace       used 52407K, capacity 55576K, committed 55640K, reserved 1099776K
  class space    used 5247K, capacity 6237K, committed 6272K, reserved 1048576K
Event: 6100.636 GC heap after
Heap after GC invocations=26 (full 2):
 PSYoungGen      total 31744K, used 1437K [0x00000000eab00000, 0x00000000ecc00000, 0x0000000100000000)
  eden space 29696K, 0% used [0x00000000eab00000,0x00000000eab00000,0x00000000ec800000)
  from space 2048K, 70% used [0x00000000eca00000,0x00000000ecb674a0,0x00000000ecc00000)
  to   space 2048K, 0% used [0x00000000ec800000,0x00000000ec800000,0x00000000eca00000)
 ParOldGen       total 68608K, used 38827K [0x00000000c0000000, 0x00000000c4300000, 0x00000000eab00000)
  object space 68608K, 56% used [0x00000000c0000000,0x00000000c25eadf0,0x00000000c4300000)
 Metaspace       used 52407K, capacity 55576K, committed 55640K, reserved 1099776K
  class space    used 5247K, capacity 6237K, committed 6272K, reserved 1048576K
}
Event: 6224.056 GC heap before
{Heap before GC invocations=27 (full 2):
 PSYoungGen      total 31744K, used 31133K [0x00000000eab00000, 0x00000000ecc00000, 0x0000000100000000)
  eden space 29696K, 100% used [0x00000000eab00000,0x00000000ec800000,0x00000000ec800000)
  from space 2048K, 70% used [0x00000000eca00000,0x00000000ecb674a0,0x00000000ecc00000)
  to   space 2048K, 0% used [0x00000000ec800000,0x00000000ec800000,0x00000000eca00000)
 ParOldGen       total 68608K, used 38827K [0x00000000c0000000, 0x00000000c4300000, 0x00000000eab00000)
  object space 68608K, 56% used [0x00000000c0000000,0x00000000c25eadf0,0x00000000c4300000)
 Metaspace       used 52462K, capacity 55644K, committed 55896K, reserved 1099776K
  class space    used 5248K, capacity 6237K, committed 6272K, reserved 1048576K
Event: 6224.066 GC heap after
Heap after GC invocations=27 (full 2):
 PSYoungGen      total 31232K, used 1980K [0x00000000eab00000, 0x00000000ecc80000, 0x0000000100000000)
  eden space 29184K, 0% used [0x00000000eab00000,0x00000000eab00000,0x00000000ec780000)
  from space 2048K, 96% used [0x00000000ec800000,0x00000000ec9ef230,0x00000000eca00000)
  to   space 2560K, 0% used [0x00000000eca00000,0x00000000eca00000,0x00000000ecc80000)
 ParOldGen       total 68608K, used 38898K [0x00000000c0000000, 0x00000000c4300000, 0x00000000eab00000)
  object space 68608K, 56% used [0x00000000c0000000,0x00000000c25fc988,0x00000000c4300000)
 Metaspace       used 52462K, capacity 55644K, committed 55896K, reserved 1099776K
  class space    used 5248K, capacity 6237K, committed 6272K, reserved 1048576K
}
Event: 6225.012 GC heap before
{Heap before GC invocations=28 (full 2):
 PSYoungGen      total 31232K, used 31146K [0x00000000eab00000, 0x00000000ecc80000, 0x0000000100000000)
  eden space 29184K, 99% used [0x00000000eab00000,0x00000000ec77b7c8,0x00000000ec780000)
  from space 2048K, 96% used [0x00000000ec800000,0x00000000ec9ef230,0x00000000eca00000)
  to   space 2560K, 0% used [0x00000000eca00000,0x00000000eca00000,0x00000000ecc80000)
 ParOldGen       total 68608K, used 38898K [0x00000000c0000000, 0x00000000c4300000, 0x00000000eab00000)
  object space 68608K, 56% used [0x00000000c0000000,0x00000000c25fc988,0x00000000c4300000)
 Metaspace       used 52499K, capacity 55644K, committed 55896K, reserved 1099776K
  class space    used 5248K, capacity 6237K, committed 6272K, reserved 1048576K
Event: 6225.029 GC heap after
Heap after GC invocations=28 (full 2):
 PSYoungGen      total 30208K, used 2556K [0x00000000eab00000, 0x00000000ecf00000, 0x0000000100000000)
  eden space 27648K, 0% used [0x00000000eab00000,0x00000000eab00000,0x00000000ec600000)
  from space 2560K, 99% used [0x00000000eca00000,0x00000000ecc7f240,0x00000000ecc80000)
  to   space 4096K, 0% used [0x00000000ec600000,0x00000000ec600000,0x00000000eca00000)
 ParOldGen       total 68608K, used 39873K [0x00000000c0000000, 0x00000000c4300000, 0x00000000eab00000)
  object space 68608K, 58% used [0x00000000c0000000,0x00000000c26f0760,0x00000000c4300000)
 Metaspace       used 52499K, capacity 55644K, committed 55896K, reserved 1099776K
  class space    used 5248K, capacity 6237K, committed 6272K, reserved 1048576K
}

